[debug] [2021-09-17T13:58:56.296Z] ----------------------------------------------------------------------
[debug] [2021-09-17T13:58:56.298Z] Command:       C:\Program Files\nodejs\node.exe C:\martinr\multi-game-project\multi-game-project\node_modules\firebase-tools\lib\bin\firebase.js emulators:exec --only firestore --project testing ng test --configuration test --code-coverage 
[debug] [2021-09-17T13:58:56.298Z] CLI Version:   9.18.0
[debug] [2021-09-17T13:58:56.298Z] Platform:      win32
[debug] [2021-09-17T13:58:56.298Z] Node Version:  v12.14.1
[debug] [2021-09-17T13:58:56.307Z] Time:          Fri Sep 17 2021 15:58:56 GMT+0200 (GMT+02:00)
[debug] [2021-09-17T13:58:56.307Z] ----------------------------------------------------------------------
[debug] 
[debug] [2021-09-17T13:58:56.364Z] > command requires scopes: ["email","openid","https://www.googleapis.com/auth/cloudplatformprojects.readonly","https://www.googleapis.com/auth/firebase","https://www.googleapis.com/auth/cloud-platform"]
[debug] [2021-09-17T13:58:56.365Z] > authorizing via signed-in user (martin.remy.42@gmail.com)
[info] i  emulators: Starting emulators: firestore {"metadata":{"emulator":{"name":"hub"},"message":"Starting emulators: firestore"}}
[warn] !  emulators: It seems that you are running multiple instances of the emulator suite for project testing. This may result in unexpected behavior. 
[debug] [2021-09-17T13:58:58.437Z] [hub] writing locator at C:\Users\MARTIN~1.REM\AppData\Local\Temp\hub-testing.json
[warn] !  firestore: Did not find a Cloud Firestore rules file specified in a firebase.json config file. {"metadata":{"emulator":{"name":"firestore"},"message":"Did not find a Cloud Firestore rules file specified in a firebase.json config file."}}
[warn] !  firestore: The emulator will default to allowing all reads and writes. Learn more about this option: https://firebase.google.com/docs/emulator-suite/install_and_configure#security_rules_configuration. {"metadata":{"emulator":{"name":"firestore"},"message":"The emulator will default to allowing all reads and writes. Learn more about this option: https://firebase.google.com/docs/emulator-suite/install_and_configure#security_rules_configuration."}}
[debug] [2021-09-17T13:59:00.514Z] Ignoring unsupported arg: projectId {"metadata":{"emulator":{"name":"firestore"},"message":"Ignoring unsupported arg: projectId"}}
[debug] [2021-09-17T13:59:00.514Z] Ignoring unsupported arg: auto_download {"metadata":{"emulator":{"name":"firestore"},"message":"Ignoring unsupported arg: auto_download"}}
[debug] [2021-09-17T13:59:00.514Z] Starting Firestore Emulator with command {"binary":"java","args":["-Dgoogle.cloud_firestore.debug_log_level=FINE","-Duser.language=en","-jar","C:\\Users\\martin.remy\\.cache\\firebase\\emulators\\cloud-firestore-emulator-v1.13.1.jar","--host","localhost","--port",8080],"optionalArgs":["port","webchannel_port","host","rules","functions_emulator","seed_from_export"],"joinArgs":false} {"metadata":{"emulator":{"name":"firestore"},"message":"Starting Firestore Emulator with command {\"binary\":\"java\",\"args\":[\"-Dgoogle.cloud_firestore.debug_log_level=FINE\",\"-Duser.language=en\",\"-jar\",\"C:\\\\Users\\\\martin.remy\\\\.cache\\\\firebase\\\\emulators\\\\cloud-firestore-emulator-v1.13.1.jar\",\"--host\",\"localhost\",\"--port\",8080],\"optionalArgs\":[\"port\",\"webchannel_port\",\"host\",\"rules\",\"functions_emulator\",\"seed_from_export\"],\"joinArgs\":false}"}}
[info] i  firestore: Firestore Emulator logging to firestore-debug.log {"metadata":{"emulator":{"name":"firestore"},"message":"Firestore Emulator logging to \u001b[1mfirestore-debug.log\u001b[22m"}}
[debug] [2021-09-17T13:59:02.971Z] Sep 17, 2021 3:59:02 PM com.google.cloud.datastore.emulator.firestore.websocket.WebSocketServer start
INFO: Started WebSocket server on ws://localhost:56175
 {"metadata":{"emulator":{"name":"firestore"},"message":"Sep 17, 2021 3:59:02 PM com.google.cloud.datastore.emulator.firestore.websocket.WebSocketServer start\r\nINFO: Started WebSocket server on ws://localhost:56175\r\n"}}
[debug] [2021-09-17T13:59:03.018Z] API endpoint: http://localhost:8080
 {"metadata":{"emulator":{"name":"firestore"},"message":"API endpoint: http://localhost:8080\n"}}
[debug] [2021-09-17T13:59:03.018Z] If you are using a library that supports the FIRESTORE_EMULATOR_HOST environment variable, run:

   export FIRESTORE_EMULATOR_HOST=localhost:8080

Dev App Server is now running.

 {"metadata":{"emulator":{"name":"firestore"},"message":"If you are using a library that supports the FIRESTORE_EMULATOR_HOST environment variable, run:\r\n\n   export FIRESTORE_EMULATOR_HOST=localhost:8080\n\nDev App Server is now running.\n\r\n"}}
[info] i  Running script: ng test --configuration test --code-coverage  
[debug] [2021-09-17T13:59:03.357Z] Running ng test --configuration test --code-coverage  with environment {"ALLUSERSPROFILE":"C:\\ProgramData","APPDATA":"C:\\Users\\martin.remy\\AppData\\Roaming","ChocolateyInstall":"C:\\ProgramData\\chocolatey","CHROME_CRASHPAD_PIPE_NAME":"\\\\.\\pipe\\crashpad_7100_MFTBBSCPRGOWQSKA","COLOR":"1","COLORTERM":"truecolor","COMMONPROGRAMFILES":"C:\\Program Files\\Common Files","CommonProgramFiles(x86)":"C:\\Program Files (x86)\\Common Files","CommonProgramW6432":"C:\\Program Files\\Common Files","COMPUTERNAME":"11FP8U-LENOVO","COMSPEC":"C:\\WINDOWS\\system32\\cmd.exe","DriverData":"C:\\Windows\\System32\\Drivers\\DriverData","EDITOR":"notepad.exe","ESET_OPTIONS":"                                                                                                                                                                                                                                                                                                                                                                                                                                                                                                                               ","EXEPATH":"C:\\Users\\martin.remy\\AppData\\Local\\Programs\\Git\\bin","GIT_ASKPASS":"c:\\Users\\martin.remy\\AppData\\Local\\Programs\\Microsoft VS Code\\resources\\app\\extensions\\git\\dist\\askpass.sh","HOME":"C:\\Users\\martin.remy","HOMEDRIVE":"U:","HOMEPATH":"\\","HOMESHARE":"\\\\busi-filesrv-n2\\users\\martin.remy","INIT_CWD":"C:\\martinr\\multi-game-project\\multi-game-project","IS_FIREBASE_CLI":"true","LANG":"fr_FR.UTF-8","LOCALAPPDATA":"C:\\Users\\martin.remy\\AppData\\Local","LOGONSERVER":"\\\\PDC","MSYSTEM":"MINGW64","NODE":"C:\\Program Files\\nodejs\\node.exe","npm_command":"exec","npm_config_cache":"C:\\Users\\martin.remy\\AppData\\Local\\npm-cache","npm_config_globalconfig":"C:\\Users\\martin.remy\\AppData\\Roaming\\npm\\etc\\npmrc","npm_config_global_prefix":"C:\\Users\\martin.remy\\AppData\\Roaming\\npm","npm_config_init_module":"C:\\Users\\martin.remy\\.npm-init.js","npm_config_local_prefix":"C:\\martinr\\multi-game-project\\multi-game-project","npm_config_metrics_registry":"https://registry.npmjs.org/","npm_config_node_gyp":"C:\\Users\\martin.remy\\AppData\\Roaming\\npm\\node_modules\\npm\\node_modules\\node-gyp\\bin\\node-gyp.js","npm_config_noproxy":"","npm_config_prefix":"C:\\Users\\martin.remy\\AppData\\Roaming\\npm","npm_config_userconfig":"C:\\Users\\martin.remy\\.npmrc","npm_config_user_agent":"npm/7.22.0 node/v12.14.1 win32 x64 workspaces/false","npm_execpath":"C:\\Users\\martin.remy\\AppData\\Roaming\\npm\\node_modules\\npm\\bin\\npx-cli.js","npm_lifecycle_event":"npx","npm_lifecycle_script":"firebase \"emulators:exec\" \"--only\" \"firestore\" \"--project\" \"testing\" \"ng test --configuration test --code-coverage \"","npm_node_execpath":"C:\\Program Files\\nodejs\\node.exe","npm_package_json":"C:\\martinr\\multi-game-project\\multi-game-project\\package.json","npm_package_name":"multi-game-project","npm_package_version":"0.0.0","NUMBER_OF_PROCESSORS":"8","OneDrive":"C:\\Users\\martin.remy\\OneDrive","OneDriveConsumer":"C:\\Users\\martin.remy\\OneDrive","ORIGINAL_XDG_CURRENT_DESKTOP":"undefined","OS":"Windows_NT","PATH":"C:\\martinr\\multi-game-project\\multi-game-project\\node_modules\\.bin;C:\\martinr\\multi-game-project\\node_modules\\.bin;C:\\martinr\\node_modules\\.bin;C:\\node_modules\\.bin;C:\\Users\\martin.remy\\AppData\\Roaming\\npm\\node_modules\\npm\\node_modules\\@npmcli\\run-script\\lib\\node-gyp-bin;C:\\martinr\\multi-game-project\\multi-game-project\\node_modules\\.bin;C:\\martinr\\multi-game-project\\multi-game-project\\node_modules\\.bin;C:\\martinr\\multi-game-project\\node_modules\\.bin;C:\\martinr\\node_modules\\.bin;C:\\node_modules\\.bin;C:\\Users\\martin.remy\\AppData\\Roaming\\npm\\node_modules\\npm\\node_modules\\@npmcli\\run-script\\lib\\node-gyp-bin;C:\\Users\\martin.remy\\AppData\\Local\\Programs\\Git\\mingw64\\bin;C:\\Users\\martin.remy\\AppData\\Local\\Programs\\Git\\usr\\bin;C:\\Users\\martin.remy\\bin;C:\\Users\\martin.remy\\Downloads\\jdk-11.0.6\\bin;C:\\WINDOWS\\system32;C:\\WINDOWS;C:\\WINDOWS\\System32\\Wbem;C:\\WINDOWS\\System32\\WindowsPowerShell\\v1.0;C:\\WINDOWS\\System32\\OpenSSH;C:\\Program Files\\nodejs;C:\\ProgramData\\chocolatey\\bin;C:\\Program Files\\Docker\\Docker\\resources\\bin;C:\\ProgramData\\DockerDesktop\\version-bin;C:\\Users\\martin.remy\\AppData\\Local\\Programs\\Python\\Python38-32\\Scripts;C:\\Users\\martin.remy\\AppData\\Local\\Programs\\Python\\Python38-32;C:\\Users\\martin.remy\\AppData\\Local\\Microsoft\\WindowsApps;C:\\Users\\martin.remy\\AppData\\Local\\Programs\\Microsoft VS Code\\bin;C:\\Users\\martin.remy\\AppData\\Local\\Programs\\Git\\cmd;C:\\Users\\martin.remy\\AppData\\Roaming\\npm","PATHEXT":".COM;.EXE;.BAT;.CMD;.VBS;.VBE;.JS;.JSE;.WSF;.WSH;.MSC","PLINK_PROTOCOL":"ssh","PROCESSOR_ARCHITECTURE":"AMD64","PROCESSOR_IDENTIFIER":"Intel64 Family 6 Model 142 Stepping 10, GenuineIntel","PROCESSOR_LEVEL":"6","PROCESSOR_REVISION":"8e0a","ProgramData":"C:\\ProgramData","PROGRAMFILES":"C:\\Program Files","ProgramFiles(x86)":"C:\\Program Files (x86)","ProgramW6432":"C:\\Program Files","PROMPT":"$P$G","PSModulePath":"C:\\Program Files\\WindowsPowerShell\\Modules;C:\\WINDOWS\\system32\\WindowsPowerShell\\v1.0\\Modules","PUBLIC":"C:\\Users\\Public","PWD":"C:/martinr/multi-game-project/multi-game-project","SESSIONNAME":"Console","SHLVL":"4","SYSTEMDRIVE":"C:","SYSTEMROOT":"C:\\WINDOWS","TEMP":"C:\\Users\\MARTIN~1.REM\\AppData\\Local\\Temp","TERM":"cygwin","TERM_PROGRAM":"vscode","TERM_PROGRAM_VERSION":"1.60.1","TMP":"C:\\Users\\MARTIN~1.REM\\AppData\\Local\\Temp","USERDNSDOMAIN":"BUSI.LOCAL","USERDOMAIN":"BUSI","USERDOMAIN_ROAMINGPROFILE":"BUSI","USERNAME":"martin.remy","USERPROFILE":"C:\\Users\\martin.remy","VSCODE_GIT_ASKPASS_MAIN":"c:\\Users\\martin.remy\\AppData\\Local\\Programs\\Microsoft VS Code\\resources\\app\\extensions\\git\\dist\\askpass-main.js","VSCODE_GIT_ASKPASS_NODE":"C:\\Users\\martin.remy\\AppData\\Local\\Programs\\Microsoft VS Code\\Code.exe","VSCODE_GIT_IPC_HANDLE":"\\\\.\\pipe\\vscode-git-c010d39a7c-sock","WINDIR":"C:\\WINDOWS","ZES_ENABLE_SYSMAN":"1","_":"C:/Program Files/nodejs/node.exe","GCLOUD_PROJECT":"testing","FIRESTORE_EMULATOR_HOST":"localhost:8080","FIREBASE_FIRESTORE_EMULATOR_ADDRESS":"localhost:8080","FIREBASE_EMULATOR_HUB":"localhost:4400"}
[debug] [2021-09-17T14:01:03.641Z] Sep 17, 2021 4:01:03 PM io.gapi.emulators.netty.HttpVersionRoutingHandler channelRead
INFO: Detected non-HTTP/2 connection.
 {"metadata":{"emulator":{"name":"firestore"},"message":"Sep 17, 2021 4:01:03 PM io.gapi.emulators.netty.HttpVersionRoutingHandler channelRead\r\nINFO: Detected non-HTTP/2 connection.\r\n"}}
[debug] [2021-09-17T14:01:03.795Z] Sep 17, 2021 4:01:03 PM io.gapi.emulators.netty.HttpVersionRoutingHandler channelRead
INFO: Detected HTTP/2 connection.
 {"metadata":{"emulator":{"name":"firestore"},"message":"Sep 17, 2021 4:01:03 PM io.gapi.emulators.netty.HttpVersionRoutingHandler channelRead\r\nINFO: Detected HTTP/2 connection.\r\n"}}
[debug] [2021-09-17T14:01:13.710Z] Sep 17, 2021 4:01:13 PM io.gapi.emulators.netty.HttpVersionRoutingHandler channelRead
INFO: Detected non-HTTP/2 connection.
 {"metadata":{"emulator":{"name":"firestore"},"message":"Sep 17, 2021 4:01:13 PM io.gapi.emulators.netty.HttpVersionRoutingHandler channelRead\r\nINFO: Detected non-HTTP/2 connection.\r\n"}}
[debug] [2021-09-17T14:01:14.312Z] Sep 17, 2021 4:01:14 PM io.gapi.emulators.netty.HttpVersionRoutingHandler channelRead
INFO: Detected non-HTTP/2 connection.
 {"metadata":{"emulator":{"name":"firestore"},"message":"Sep 17, 2021 4:01:14 PM io.gapi.emulators.netty.HttpVersionRoutingHandler channelRead\r\nINFO: Detected non-HTTP/2 connection.\r\n"}}
[debug] [2021-09-17T14:01:14.614Z] Sep 17, 2021 4:01:14 PM io.gapi.emulators.netty.HttpVersionRoutingHandler channelRead
INFO: Detected non-HTTP/2 connection.
 {"metadata":{"emulator":{"name":"firestore"},"message":"Sep 17, 2021 4:01:14 PM io.gapi.emulators.netty.HttpVersionRoutingHandler channelRead\r\nINFO: Detected non-HTTP/2 connection.\r\n"}}
[debug] [2021-09-17T14:01:20.401Z] Sep 17, 2021 4:01:20 PM io.gapi.emulators.netty.HttpVersionRoutingHandler channelRead
INFO: Detected non-HTTP/2 connection.
 {"metadata":{"emulator":{"name":"firestore"},"message":"Sep 17, 2021 4:01:20 PM io.gapi.emulators.netty.HttpVersionRoutingHandler channelRead\r\nINFO: Detected non-HTTP/2 connection.\r\n"}}
[debug] [2021-09-17T14:01:20.747Z] Sep 17, 2021 4:01:20 PM io.gapi.emulators.netty.HttpVersionRoutingHandler channelRead
INFO: Detected non-HTTP/2 connection.
 {"metadata":{"emulator":{"name":"firestore"},"message":"Sep 17, 2021 4:01:20 PM io.gapi.emulators.netty.HttpVersionRoutingHandler channelRead\r\nINFO: Detected non-HTTP/2 connection.\r\n"}}
[debug] [2021-09-17T14:01:21.065Z] Sep 17, 2021 4:01:21 PM io.gapi.emulators.netty.HttpVersionRoutingHandler channelRead
INFO: Detected non-HTTP/2 connection.
 {"metadata":{"emulator":{"name":"firestore"},"message":"Sep 17, 2021 4:01:21 PM io.gapi.emulators.netty.HttpVersionRoutingHandler channelRead\r\nINFO: Detected non-HTTP/2 connection.\r\n"}}
[debug] [2021-09-17T14:01:21.540Z] Sep 17, 2021 4:01:21 PM io.gapi.emulators.netty.HttpVersionRoutingHandler channelRead
INFO: Detected non-HTTP/2 connection.
 {"metadata":{"emulator":{"name":"firestore"},"message":"Sep 17, 2021 4:01:21 PM io.gapi.emulators.netty.HttpVersionRoutingHandler channelRead\r\nINFO: Detected non-HTTP/2 connection.\r\n"}}
[debug] [2021-09-17T14:01:21.885Z] Sep 17, 2021 4:01:21 PM io.gapi.emulators.netty.HttpVersionRoutingHandler channelRead
INFO: Detected non-HTTP/2 connection.
 {"metadata":{"emulator":{"name":"firestore"},"message":"Sep 17, 2021 4:01:21 PM io.gapi.emulators.netty.HttpVersionRoutingHandler channelRead\r\nINFO: Detected non-HTTP/2 connection.\r\n"}}
[debug] [2021-09-17T14:01:22.242Z] Sep 17, 2021 4:01:22 PM io.gapi.emulators.netty.HttpVersionRoutingHandler channelRead
INFO: Detected non-HTTP/2 connection.
 {"metadata":{"emulator":{"name":"firestore"},"message":"Sep 17, 2021 4:01:22 PM io.gapi.emulators.netty.HttpVersionRoutingHandler channelRead\r\nINFO: Detected non-HTTP/2 connection.\r\n"}}
[debug] [2021-09-17T14:01:22.573Z] Sep 17, 2021 4:01:22 PM io.gapi.emulators.netty.HttpVersionRoutingHandler channelRead
INFO: Detected non-HTTP/2 connection.
 {"metadata":{"emulator":{"name":"firestore"},"message":"Sep 17, 2021 4:01:22 PM io.gapi.emulators.netty.HttpVersionRoutingHandler channelRead\r\nINFO: Detected non-HTTP/2 connection.\r\n"}}
[debug] [2021-09-17T14:01:22.967Z] Sep 17, 2021 4:01:22 PM io.gapi.emulators.netty.HttpVersionRoutingHandler channelRead
INFO: Detected non-HTTP/2 connection.
 {"metadata":{"emulator":{"name":"firestore"},"message":"Sep 17, 2021 4:01:22 PM io.gapi.emulators.netty.HttpVersionRoutingHandler channelRead\r\nINFO: Detected non-HTTP/2 connection.\r\n"}}
[debug] [2021-09-17T14:01:22.979Z] Sep 17, 2021 4:01:22 PM io.gapi.emulators.netty.HttpVersionRoutingHandler channelRead
INFO: Detected non-HTTP/2 connection.
 {"metadata":{"emulator":{"name":"firestore"},"message":"Sep 17, 2021 4:01:22 PM io.gapi.emulators.netty.HttpVersionRoutingHandler channelRead\r\nINFO: Detected non-HTTP/2 connection.\r\n"}}
[debug] [2021-09-17T14:01:23.320Z] Sep 17, 2021 4:01:23 PM io.gapi.emulators.netty.HttpVersionRoutingHandler channelRead
INFO: Detected non-HTTP/2 connection.
 {"metadata":{"emulator":{"name":"firestore"},"message":"Sep 17, 2021 4:01:23 PM io.gapi.emulators.netty.HttpVersionRoutingHandler channelRead\r\nINFO: Detected non-HTTP/2 connection.\r\n"}}
[debug] [2021-09-17T14:01:23.716Z] Sep 17, 2021 4:01:23 PM io.gapi.emulators.netty.HttpVersionRoutingHandler channelRead
INFO: Detected non-HTTP/2 connection.
 {"metadata":{"emulator":{"name":"firestore"},"message":"Sep 17, 2021 4:01:23 PM io.gapi.emulators.netty.HttpVersionRoutingHandler channelRead\r\nINFO: Detected non-HTTP/2 connection.\r\n"}}
[debug] [2021-09-17T14:01:23.735Z] Sep 17, 2021 4:01:23 PM io.gapi.emulators.netty.HttpVersionRoutingHandler channelRead
INFO: Detected non-HTTP/2 connection.
 {"metadata":{"emulator":{"name":"firestore"},"message":"Sep 17, 2021 4:01:23 PM io.gapi.emulators.netty.HttpVersionRoutingHandler channelRead\r\nINFO: Detected non-HTTP/2 connection.\r\n"}}
[debug] [2021-09-17T14:01:24.061Z] Sep 17, 2021 4:01:24 PM io.gapi.emulators.netty.HttpVersionRoutingHandler channelRead
INFO: Detected non-HTTP/2 connection.
 {"metadata":{"emulator":{"name":"firestore"},"message":"Sep 17, 2021 4:01:24 PM io.gapi.emulators.netty.HttpVersionRoutingHandler channelRead\r\nINFO: Detected non-HTTP/2 connection.\r\n"}}
[debug] [2021-09-17T14:01:24.406Z] Sep 17, 2021 4:01:24 PM io.gapi.emulators.netty.HttpVersionRoutingHandler channelRead
INFO: Detected non-HTTP/2 connection.
 {"metadata":{"emulator":{"name":"firestore"},"message":"Sep 17, 2021 4:01:24 PM io.gapi.emulators.netty.HttpVersionRoutingHandler channelRead\r\nINFO: Detected non-HTTP/2 connection.\r\n"}}
[debug] [2021-09-17T14:01:24.738Z] Sep 17, 2021 4:01:24 PM io.gapi.emulators.netty.HttpVersionRoutingHandler channelRead
INFO: Detected non-HTTP/2 connection.
 {"metadata":{"emulator":{"name":"firestore"},"message":"Sep 17, 2021 4:01:24 PM io.gapi.emulators.netty.HttpVersionRoutingHandler channelRead\r\nINFO: Detected non-HTTP/2 connection.\r\n"}}
[debug] [2021-09-17T14:01:24.751Z] Sep 17, 2021 4:01:24 PM io.gapi.emulators.netty.HttpVersionRoutingHandler channelRead
INFO: Detected non-HTTP/2 connection.
 {"metadata":{"emulator":{"name":"firestore"},"message":"Sep 17, 2021 4:01:24 PM io.gapi.emulators.netty.HttpVersionRoutingHandler channelRead\r\nINFO: Detected non-HTTP/2 connection.\r\n"}}
[debug] [2021-09-17T14:01:25.080Z] Sep 17, 2021 4:01:25 PM io.gapi.emulators.netty.HttpVersionRoutingHandler channelRead
INFO: Detected non-HTTP/2 connection.
 {"metadata":{"emulator":{"name":"firestore"},"message":"Sep 17, 2021 4:01:25 PM io.gapi.emulators.netty.HttpVersionRoutingHandler channelRead\r\nINFO: Detected non-HTTP/2 connection.\r\n"}}
[debug] [2021-09-17T14:01:25.081Z] Sep 17, 2021 4:01:25 PM io.gapi.emulators.netty.HttpVersionRoutingHandler channelRead
INFO: Detected non-HTTP/2 connection.
 {"metadata":{"emulator":{"name":"firestore"},"message":"Sep 17, 2021 4:01:25 PM io.gapi.emulators.netty.HttpVersionRoutingHandler channelRead\r\nINFO: Detected non-HTTP/2 connection.\r\n"}}
[debug] [2021-09-17T14:01:25.424Z] Sep 17, 2021 4:01:25 PM io.gapi.emulators.netty.HttpVersionRoutingHandler channelRead
INFO: Detected non-HTTP/2 connection.
 {"metadata":{"emulator":{"name":"firestore"},"message":"Sep 17, 2021 4:01:25 PM io.gapi.emulators.netty.HttpVersionRoutingHandler channelRead\r\nINFO: Detected non-HTTP/2 connection.\r\n"}}
[debug] [2021-09-17T14:01:25.779Z] Sep 17, 2021 4:01:25 PM io.gapi.emulators.netty.HttpVersionRoutingHandler channelRead
INFO: Detected non-HTTP/2 connection.
 {"metadata":{"emulator":{"name":"firestore"},"message":"Sep 17, 2021 4:01:25 PM io.gapi.emulators.netty.HttpVersionRoutingHandler channelRead\r\nINFO: Detected non-HTTP/2 connection.\r\n"}}
[debug] [2021-09-17T14:01:25.809Z] Sep 17, 2021 4:01:25 PM io.gapi.emulators.netty.HttpVersionRoutingHandler channelRead
INFO: Detected non-HTTP/2 connection.
 {"metadata":{"emulator":{"name":"firestore"},"message":"Sep 17, 2021 4:01:25 PM io.gapi.emulators.netty.HttpVersionRoutingHandler channelRead\r\nINFO: Detected non-HTTP/2 connection.\r\n"}}
[debug] [2021-09-17T14:01:26.106Z] Sep 17, 2021 4:01:26 PM io.gapi.emulators.netty.HttpVersionRoutingHandler channelRead
INFO: Detected non-HTTP/2 connection.
 {"metadata":{"emulator":{"name":"firestore"},"message":"Sep 17, 2021 4:01:26 PM io.gapi.emulators.netty.HttpVersionRoutingHandler channelRead\r\nINFO: Detected non-HTTP/2 connection.\r\n"}}
[debug] [2021-09-17T14:01:26.439Z] Sep 17, 2021 4:01:26 PM io.gapi.emulators.netty.HttpVersionRoutingHandler channelRead
INFO: Detected non-HTTP/2 connection.
 {"metadata":{"emulator":{"name":"firestore"},"message":"Sep 17, 2021 4:01:26 PM io.gapi.emulators.netty.HttpVersionRoutingHandler channelRead\r\nINFO: Detected non-HTTP/2 connection.\r\n"}}
[debug] [2021-09-17T14:01:26.769Z] Sep 17, 2021 4:01:26 PM io.gapi.emulators.netty.HttpVersionRoutingHandler channelRead
INFO: Detected non-HTTP/2 connection.
 {"metadata":{"emulator":{"name":"firestore"},"message":"Sep 17, 2021 4:01:26 PM io.gapi.emulators.netty.HttpVersionRoutingHandler channelRead\r\nINFO: Detected non-HTTP/2 connection.\r\n"}}
[debug] [2021-09-17T14:01:26.769Z] Sep 17, 2021 4:01:26 PM io.gapi.emulators.netty.HttpVersionRoutingHandler channelRead
INFO: Detected non-HTTP/2 connection.
 {"metadata":{"emulator":{"name":"firestore"},"message":"Sep 17, 2021 4:01:26 PM io.gapi.emulators.netty.HttpVersionRoutingHandler channelRead\r\nINFO: Detected non-HTTP/2 connection.\r\n"}}
[debug] [2021-09-17T14:01:27.095Z] Sep 17, 2021 4:01:27 PM io.gapi.emulators.netty.HttpVersionRoutingHandler channelRead
INFO: Detected non-HTTP/2 connection.
 {"metadata":{"emulator":{"name":"firestore"},"message":"Sep 17, 2021 4:01:27 PM io.gapi.emulators.netty.HttpVersionRoutingHandler channelRead\r\nINFO: Detected non-HTTP/2 connection.\r\n"}}
[debug] [2021-09-17T14:01:27.096Z] Sep 17, 2021 4:01:27 PM io.gapi.emulators.netty.HttpVersionRoutingHandler channelRead
INFO: Detected non-HTTP/2 connection.
 {"metadata":{"emulator":{"name":"firestore"},"message":"Sep 17, 2021 4:01:27 PM io.gapi.emulators.netty.HttpVersionRoutingHandler channelRead\r\nINFO: Detected non-HTTP/2 connection.\r\n"}}
[debug] [2021-09-17T14:01:27.122Z] Sep 17, 2021 4:01:27 PM io.gapi.emulators.netty.HttpVersionRoutingHandler channelRead
INFO: Detected non-HTTP/2 connection.
 {"metadata":{"emulator":{"name":"firestore"},"message":"Sep 17, 2021 4:01:27 PM io.gapi.emulators.netty.HttpVersionRoutingHandler channelRead\r\nINFO: Detected non-HTTP/2 connection.\r\n"}}
[debug] [2021-09-17T14:01:27.453Z] Sep 17, 2021 4:01:27 PM io.gapi.emulators.netty.HttpVersionRoutingHandler channelRead
INFO: Detected non-HTTP/2 connection.
 {"metadata":{"emulator":{"name":"firestore"},"message":"Sep 17, 2021 4:01:27 PM io.gapi.emulators.netty.HttpVersionRoutingHandler channelRead\r\nINFO: Detected non-HTTP/2 connection.\r\n"}}
[debug] [2021-09-17T14:01:27.454Z] Sep 17, 2021 4:01:27 PM io.gapi.emulators.netty.HttpVersionRoutingHandler channelRead
INFO: Detected non-HTTP/2 connection.
 {"metadata":{"emulator":{"name":"firestore"},"message":"Sep 17, 2021 4:01:27 PM io.gapi.emulators.netty.HttpVersionRoutingHandler channelRead\r\nINFO: Detected non-HTTP/2 connection.\r\n"}}
[debug] [2021-09-17T14:01:27.793Z] Sep 17, 2021 4:01:27 PM io.gapi.emulators.netty.HttpVersionRoutingHandler channelRead
INFO: Detected non-HTTP/2 connection.
 {"metadata":{"emulator":{"name":"firestore"},"message":"Sep 17, 2021 4:01:27 PM io.gapi.emulators.netty.HttpVersionRoutingHandler channelRead\r\nINFO: Detected non-HTTP/2 connection.\r\n"}}
[debug] [2021-09-17T14:01:27.807Z] Sep 17, 2021 4:01:27 PM io.gapi.emulators.netty.HttpVersionRoutingHandler channelRead
INFO: Detected non-HTTP/2 connection.
 {"metadata":{"emulator":{"name":"firestore"},"message":"Sep 17, 2021 4:01:27 PM io.gapi.emulators.netty.HttpVersionRoutingHandler channelRead\r\nINFO: Detected non-HTTP/2 connection.\r\n"}}
[debug] [2021-09-17T14:01:28.121Z] Sep 17, 2021 4:01:28 PM io.gapi.emulators.netty.HttpVersionRoutingHandler channelRead
INFO: Detected non-HTTP/2 connection.
 {"metadata":{"emulator":{"name":"firestore"},"message":"Sep 17, 2021 4:01:28 PM io.gapi.emulators.netty.HttpVersionRoutingHandler channelRead\r\nINFO: Detected non-HTTP/2 connection.\r\n"}}
[debug] [2021-09-17T14:01:28.133Z] Sep 17, 2021 4:01:28 PM io.gapi.emulators.netty.HttpVersionRoutingHandler channelRead
INFO: Detected non-HTTP/2 connection.
 {"metadata":{"emulator":{"name":"firestore"},"message":"Sep 17, 2021 4:01:28 PM io.gapi.emulators.netty.HttpVersionRoutingHandler channelRead\r\nINFO: Detected non-HTTP/2 connection.\r\n"}}
[debug] [2021-09-17T14:01:28.150Z] Sep 17, 2021 4:01:28 PM io.gapi.emulators.netty.HttpVersionRoutingHandler channelRead
INFO: Detected non-HTTP/2 connection.
 {"metadata":{"emulator":{"name":"firestore"},"message":"Sep 17, 2021 4:01:28 PM io.gapi.emulators.netty.HttpVersionRoutingHandler channelRead\r\nINFO: Detected non-HTTP/2 connection.\r\n"}}
[debug] [2021-09-17T14:01:28.480Z] Sep 17, 2021 4:01:28 PM io.gapi.emulators.netty.HttpVersionRoutingHandler channelRead
INFO: Detected non-HTTP/2 connection.
 {"metadata":{"emulator":{"name":"firestore"},"message":"Sep 17, 2021 4:01:28 PM io.gapi.emulators.netty.HttpVersionRoutingHandler channelRead\r\nINFO: Detected non-HTTP/2 connection.\r\n"}}
[debug] [2021-09-17T14:01:28.481Z] Sep 17, 2021 4:01:28 PM io.gapi.emulators.netty.HttpVersionRoutingHandler channelRead
INFO: Detected non-HTTP/2 connection.
 {"metadata":{"emulator":{"name":"firestore"},"message":"Sep 17, 2021 4:01:28 PM io.gapi.emulators.netty.HttpVersionRoutingHandler channelRead\r\nINFO: Detected non-HTTP/2 connection.\r\n"}}
[debug] [2021-09-17T14:01:28.806Z] Sep 17, 2021 4:01:28 PM io.gapi.emulators.netty.HttpVersionRoutingHandler channelRead
INFO: Detected non-HTTP/2 connection.
 {"metadata":{"emulator":{"name":"firestore"},"message":"Sep 17, 2021 4:01:28 PM io.gapi.emulators.netty.HttpVersionRoutingHandler channelRead\r\nINFO: Detected non-HTTP/2 connection.\r\n"}}
[debug] [2021-09-17T14:01:28.820Z] Sep 17, 2021 4:01:28 PM io.gapi.emulators.netty.HttpVersionRoutingHandler channelRead
INFO: Detected non-HTTP/2 connection.
 {"metadata":{"emulator":{"name":"firestore"},"message":"Sep 17, 2021 4:01:28 PM io.gapi.emulators.netty.HttpVersionRoutingHandler channelRead\r\nINFO: Detected non-HTTP/2 connection.\r\n"}}
[debug] [2021-09-17T14:01:29.136Z] Sep 17, 2021 4:01:29 PM io.gapi.emulators.netty.HttpVersionRoutingHandler channelRead
INFO: Detected non-HTTP/2 connection.
 {"metadata":{"emulator":{"name":"firestore"},"message":"Sep 17, 2021 4:01:29 PM io.gapi.emulators.netty.HttpVersionRoutingHandler channelRead\r\nINFO: Detected non-HTTP/2 connection.\r\n"}}
[debug] [2021-09-17T14:01:29.150Z] Sep 17, 2021 4:01:29 PM io.gapi.emulators.netty.HttpVersionRoutingHandler channelRead
INFO: Detected non-HTTP/2 connection.
 {"metadata":{"emulator":{"name":"firestore"},"message":"Sep 17, 2021 4:01:29 PM io.gapi.emulators.netty.HttpVersionRoutingHandler channelRead\r\nINFO: Detected non-HTTP/2 connection.\r\n"}}
[debug] [2021-09-17T14:01:29.166Z] Sep 17, 2021 4:01:29 PM io.gapi.emulators.netty.HttpVersionRoutingHandler channelRead
INFO: Detected non-HTTP/2 connection.
 {"metadata":{"emulator":{"name":"firestore"},"message":"Sep 17, 2021 4:01:29 PM io.gapi.emulators.netty.HttpVersionRoutingHandler channelRead\r\nINFO: Detected non-HTTP/2 connection.\r\n"}}
[debug] [2021-09-17T14:01:29.491Z] Sep 17, 2021 4:01:29 PM io.gapi.emulators.netty.HttpVersionRoutingHandler channelRead
INFO: Detected non-HTTP/2 connection.
 {"metadata":{"emulator":{"name":"firestore"},"message":"Sep 17, 2021 4:01:29 PM io.gapi.emulators.netty.HttpVersionRoutingHandler channelRead\r\nINFO: Detected non-HTTP/2 connection.\r\n"}}
[debug] [2021-09-17T14:01:29.492Z] Sep 17, 2021 4:01:29 PM io.gapi.emulators.netty.HttpVersionRoutingHandler channelRead
INFO: Detected non-HTTP/2 connection.
 {"metadata":{"emulator":{"name":"firestore"},"message":"Sep 17, 2021 4:01:29 PM io.gapi.emulators.netty.HttpVersionRoutingHandler channelRead\r\nINFO: Detected non-HTTP/2 connection.\r\n"}}
[debug] [2021-09-17T14:01:29.820Z] Sep 17, 2021 4:01:29 PM io.gapi.emulators.netty.HttpVersionRoutingHandler channelRead
INFO: Detected non-HTTP/2 connection.
 {"metadata":{"emulator":{"name":"firestore"},"message":"Sep 17, 2021 4:01:29 PM io.gapi.emulators.netty.HttpVersionRoutingHandler channelRead\r\nINFO: Detected non-HTTP/2 connection.\r\n"}}
[debug] [2021-09-17T14:01:30.145Z] Sep 17, 2021 4:01:30 PM io.gapi.emulators.netty.HttpVersionRoutingHandler channelRead
INFO: Detected non-HTTP/2 connection.
 {"metadata":{"emulator":{"name":"firestore"},"message":"Sep 17, 2021 4:01:30 PM io.gapi.emulators.netty.HttpVersionRoutingHandler channelRead\r\nINFO: Detected non-HTTP/2 connection.\r\n"}}
[debug] [2021-09-17T14:02:00.489Z] Sep 17, 2021 4:02:00 PM io.gapi.emulators.netty.HttpVersionRoutingHandler channelRead
INFO: Detected non-HTTP/2 connection.
 {"metadata":{"emulator":{"name":"firestore"},"message":"Sep 17, 2021 4:02:00 PM io.gapi.emulators.netty.HttpVersionRoutingHandler channelRead\r\nINFO: Detected non-HTTP/2 connection.\r\n"}}
[debug] [2021-09-17T14:02:30.241Z] Sep 17, 2021 4:02:30 PM io.gapi.emulators.netty.HttpVersionRoutingHandler channelRead
INFO: Detected non-HTTP/2 connection.
 {"metadata":{"emulator":{"name":"firestore"},"message":"Sep 17, 2021 4:02:30 PM io.gapi.emulators.netty.HttpVersionRoutingHandler channelRead\r\nINFO: Detected non-HTTP/2 connection.\r\n"}}
[debug] [2021-09-17T14:02:30.242Z] Sep 17, 2021 4:02:30 PM io.gapi.emulators.netty.HttpVersionRoutingHandler channelRead
INFO: Detected non-HTTP/2 connection.
 {"metadata":{"emulator":{"name":"firestore"},"message":"Sep 17, 2021 4:02:30 PM io.gapi.emulators.netty.HttpVersionRoutingHandler channelRead\r\nINFO: Detected non-HTTP/2 connection.\r\n"}}
[debug] [2021-09-17T14:02:30.247Z] Sep 17, 2021 4:02:30 PM com.google.cloud.datastore.emulator.firestore.webchannel.FirestoreV1WebChannelAdapter$FirestoreWriteHandler onClose
INFO: channel closed
 {"metadata":{"emulator":{"name":"firestore"},"message":"Sep 17, 2021 4:02:30 PM com.google.cloud.datastore.emulator.firestore.webchannel.FirestoreV1WebChannelAdapter$FirestoreWriteHandler onClose\r\nINFO: channel closed\r\n"}}
[debug] [2021-09-17T14:02:30.249Z] Sep 17, 2021 4:02:30 PM com.google.cloud.datastore.emulator.firestore.webchannel.FirestoreV1WebChannelAdapter$FirestoreListenHandler onClose
INFO: channel closed
 {"metadata":{"emulator":{"name":"firestore"},"message":"Sep 17, 2021 4:02:30 PM com.google.cloud.datastore.emulator.firestore.webchannel.FirestoreV1WebChannelAdapter$FirestoreListenHandler onClose\r\nINFO: channel closed\r\n"}}
[debug] [2021-09-17T14:14:19.187Z] Received signal SIGHUP 1
